<?xml version="1.0" encoding="UTF-8"?>
<testng-results ignored="0" total="2" passed="2" failed="0" skipped="0">
  <reporter-output>
  </reporter-output>
  <suite started-at="2021-09-15T10:04:49Z" name="Default suite" finished-at="2021-09-15T10:04:52Z" duration-ms="3307">
    <groups>
    </groups>
    <test started-at="2021-09-15T10:04:49Z" name="Default test" finished-at="2021-09-15T10:04:52Z" duration-ms="3307">
      <class name="maven.TestingNg">
        <test-method is-config="true" signature="beforeclass()[pri:0, instance:maven.TestingNg@74e28667]" started-at="2021-09-15T10:04:49Z" name="beforeclass" finished-at="2021-09-15T10:04:52Z" duration-ms="2770" status="PASS">
          <reporter-output>
          </reporter-output>
        </test-method> <!-- beforeclass -->
        <test-method is-config="true" signature="before()[pri:0, instance:maven.TestingNg@74e28667]" started-at="2021-09-15T10:04:52Z" name="before" finished-at="2021-09-15T10:04:52Z" duration-ms="10" status="PASS">
          <reporter-output>
          </reporter-output>
        </test-method> <!-- before -->
        <test-method signature="test1()[pri:0, instance:maven.TestingNg@74e28667]" started-at="2021-09-15T10:04:52Z" name="test1" finished-at="2021-09-15T10:04:52Z" duration-ms="217" status="PASS">
          <reporter-output>
          </reporter-output>
        </test-method> <!-- test1 -->
        <test-method is-config="true" signature="after()[pri:0, instance:maven.TestingNg@74e28667]" started-at="2021-09-15T10:04:52Z" name="after" finished-at="2021-09-15T10:04:52Z" duration-ms="0" status="PASS">
          <reporter-output>
          </reporter-output>
        </test-method> <!-- after -->
        <test-method is-config="true" signature="before()[pri:0, instance:maven.TestingNg@74e28667]" started-at="2021-09-15T10:04:52Z" name="before" finished-at="2021-09-15T10:04:52Z" duration-ms="1" status="PASS">
          <reporter-output>
          </reporter-output>
        </test-method> <!-- before -->
        <test-method signature="tset2()[pri:0, instance:maven.TestingNg@74e28667]" started-at="2021-09-15T10:04:52Z" name="tset2" finished-at="2021-09-15T10:04:52Z" duration-ms="84" status="PASS">
          <reporter-output>
          </reporter-output>
        </test-method> <!-- tset2 -->
        <test-method is-config="true" signature="after()[pri:0, instance:maven.TestingNg@74e28667]" started-at="2021-09-15T10:04:52Z" name="after" finished-at="2021-09-15T10:04:52Z" duration-ms="0" status="PASS">
          <reporter-output>
          </reporter-output>
        </test-method> <!-- after -->
        <test-method is-config="true" signature="afterclass()[pri:0, instance:maven.TestingNg@74e28667]" started-at="2021-09-15T10:04:52Z" name="afterclass" finished-at="2021-09-15T10:04:52Z" duration-ms="195" status="PASS">
          <reporter-output>
          </reporter-output>
        </test-method> <!-- afterclass -->
      </class> <!-- maven.TestingNg -->
    </test> <!-- Default test -->
  </suite> <!-- Default suite -->
</testng-results>
